<?xml version="1.0" encoding="UTF-8"?>
<!-- Generated by org.testng.reporters.JUnitReportReporter -->
<testsuite skipped="0" hostname="Burando-sachin" name="com.assignmenet.testcases.SeleniumPage_Test" tests="7" failures="0" timestamp="13 Sep 2019 14:12:23 GMT" time="38.565" errors="0">
  <testcase name="Selenium_Page_Title_Test" time="0.045" classname="com.assignmenet.testcases.SeleniumPage_Test"/>
  <testcase name="Selenium_Page_External_Link_Test" time="0.065" classname="com.assignmenet.testcases.SeleniumPage_Test"/>
  <testcase name="Selenium_Page_Oxygen_Link_Test" time="1.987" classname="com.assignmenet.testcases.SeleniumPage_Test"/>
  <testcase name="OxgenPage_Title_Test" time="0.015" classname="com.assignmenet.testcases.SeleniumPage_Test"/>
  <testcase name="Link_Count_Test" time="35.841" classname="com.assignmenet.testcases.SeleniumPage_Test"/>
  <testcase name="Selenium_Page_Search_Data_Test" time="0.142" classname="com.assignmenet.testcases.SeleniumPage_Test"/>
  <testcase name="Selenium_Page_Suggestion_Value_Test" time="0.470" classname="com.assignmenet.testcases.SeleniumPage_Test"/>
</testsuite> <!-- com.assignmenet.testcases.SeleniumPage_Test -->
